2.338435
1.030266
0.989885
0.984839
0.978508
0.970901
0.961528
0.950302
0.938837
0.927490
0.917166
0.908129
0.900106
0.892569
0.885499
0.878990
0.872794
0.866758
0.860917
0.855087
0.849402
0.843890
0.838445
0.833094
0.827888
0.822796
0.817977
0.813397
0.809130
0.805056
0.801063
0.797199
0.793332
0.789730
0.786403
0.783309
0.780352
0.777367
0.774485
0.771654
0.768927
0.766176
0.763576
0.760948
0.758443
0.756006
0.753622
0.751299
0.749102
0.747014
0.745012
0.743033
0.741117
0.739268
0.737423
0.735642
0.733901
0.732156
0.730457
0.728836
0.727174
0.725517
0.723931
0.722357
0.720780
0.719270
0.717728
0.716218
0.714733
0.713282
0.711924
0.710519
0.709166
0.707850
0.706578
0.705330
0.704086
0.702956
0.701757
0.700647
0.699558
0.698569
0.697561
0.696639
0.695661
0.694720
0.693790
0.692891
0.691991
0.691134
0.690223
0.689347
0.688459
0.687652
0.686794
0.685943
0.685095
0.684261
0.683460
0.682615
0.681769
0.680879
0.680103
0.679266
0.678498
0.677700
0.676894
0.676162
0.675366
0.674593
0.673827
0.673063
0.672288
0.671521
0.670748
0.669921
0.669189
0.668410
0.667614
0.666800
0.666058
0.665250
0.664434
0.663674
0.662889
0.661998
0.661150
0.660201
0.659296
0.658279
0.657173
0.655961
0.654700
0.653295
0.651839
0.650396
0.648892
0.647368
0.645866
0.644323
0.642818
0.641394
0.639875
0.638466
0.637030
0.635632
0.634213
0.632823
0.631461
0.630154
0.628798
0.627482
0.626280
0.625030
0.623860
0.622640
0.621542
0.620408
0.619318
0.618223
0.617131
0.616077
0.615026
0.613983
0.612901
0.611868
0.610852
0.609839
0.608813
0.607771
0.606814
0.605803
0.604884
0.603901
0.602992
0.602060
0.601154
0.600264
0.599342
0.598471
0.597616
0.596768
0.595898
0.595028
0.594241
0.593378
0.592553
0.591727
0.590884
0.590131
0.589337
0.588521
0.587781
0.587032
0.586256
0.585500
0.584772
0.584108
0.583361
0.582710
0.581970
0.581300
0.580637
0.579929
0.579295
0.578615
0.577984
0.577322
0.576717
0.576063
0.575460
0.574853
0.574249
0.573623
0.573078
0.572516
0.571924
0.571364
0.570837
0.570317
0.569834
0.569318
0.568810
0.568342
0.567815
0.567322
0.566823
0.566314
0.565797
0.565338
0.564824
0.564311
0.563805
0.563297
0.562791
0.562329
0.561795
0.561338
0.560850
0.560417
0.560010
0.559558
0.559212
0.558811
0.558416
0.558028
0.557636
0.557304
0.556950
0.556610
0.556266
0.555945
0.555655
0.555350
0.555052
0.554783
0.554480
0.554192
0.553905
0.553599
0.553335
0.553031
0.552745
0.552507
0.552198
0.551941
0.551645
0.551392
0.551078
0.550786
0.550509
0.550283
0.549959
0.549719
0.549452
0.549162
0.548870
0.548626
0.548344
0.548033
0.547708
0.547511
0.547199
0.546958
0.546666
0.546465
0.546181
0.545934
0.545664
0.545421
0.545165
0.544916
0.544695
0.544415
0.544203
0.543954
0.543706
0.543474
0.543254
0.543018
0.542807
0.542585
0.542383
0.542138
0.541942
0.541754
0.541523
0.541313
0.541109
0.540881
0.540689
0.540500
0.540274
0.540078
0.539876
0.539692
0.539468
0.539252
0.539036
0.538823
0.538537
0.538371
0.538191
0.537977
0.537744
0.537529
0.537331
0.537177
0.536934
0.536740
0.536564
0.536345
0.536149
0.535992
0.535782
0.535633
0.535415
0.535221
0.535070
0.534897
0.534687
0.534560
0.534359
0.534177
0.533981
0.533809
0.533690
0.533496
0.533328
0.533168
0.532974
0.532803
0.532639
0.532458
0.532297
0.532129
0.531951
0.531783
0.531639
0.531441
0.531262
0.531122
0.530947
0.530762
0.530616
0.530492
0.530325
0.530112
0.530003
0.529860
0.529682
0.529555
0.529415
0.529253
0.529086
0.528959
0.528845
0.528725
0.528547
0.528421
0.528256
0.528145
0.528019
0.527891
0.527719
0.527635
0.527499
0.527361
0.527254
0.527114
0.526960
0.526864
0.526718
0.526588
0.526478
0.526316
0.526201
0.526082
0.525902
0.525792
0.525666
0.525568
0.525432
0.525305
0.525155
0.525059
0.524945
0.524813
0.524667
0.524557
0.524435
0.524336
0.524227
0.524084
0.523977
0.523846
0.523718
0.523600
0.523507
0.523397
0.523262
0.523151
0.523001
0.522914
0.522797
0.522733
0.522592
0.522421
0.522386
0.522242
0.522114
0.522033
0.521908
0.521839
0.521705
0.521578
0.521469
0.521360
0.521240
0.521165
0.521039
0.520906
0.520853
0.520736
0.520612
0.520538
0.520405
0.520315
0.520214
0.520128
0.520012
0.519862
0.519823
0.519733
0.519604
0.519491
0.519387
0.519266
0.519211
0.519074
0.519041
0.518931
0.518816
0.518720
0.518642
0.518517
0.518447
0.518320
0.518273
0.518176
0.518070
0.517985
0.517881
0.517791
0.517739
0.517604
0.517522
0.517452
0.517353
0.517284
0.517198
0.517112
0.517016
0.516930
0.516852
0.516781
0.516693
0.516606
0.516520
0.516456
0.516370
0.516284
0.516238
0.516103
0.516041
0.515944
0.515882
0.515790
0.515711
0.515670
0.515567
0.515504
0.515405
0.515308
0.515243
0.515188
0.515087
0.515000
0.514928
0.514861
0.514773
0.514692
0.514616
0.514520
0.514447
0.514376
0.514304
0.514232
0.514161
0.514060
0.513987
0.513912
0.513842
0.513754
0.513709
0.513629
0.513536
0.513479
0.513386
0.513325
0.513255
0.513158
0.513069
0.513028
0.512947
0.512872
0.512830
0.512679
0.512628
0.512577
0.512501
0.512453
0.512357
0.512302
0.512210
0.512172
0.512098
0.512003
0.511937
0.511873
0.511810
0.511723
0.511663
0.511610
0.511540
0.511475
0.511397
0.511308
0.511294
0.511213
0.511155
0.511094
0.511005
0.510920
0.510879
0.510811
0.510729
0.510667
0.510577
0.510538
0.510489
0.510378
0.510337
0.510255
0.510191
0.510143
0.510059
0.510005
0.509940
0.509867
0.509756
0.509734
0.509630
0.509576
0.509497
0.509448
0.509373
0.509297
0.509229
0.509167
0.509116
0.509049
0.508967
0.508923
0.508833
0.508782
0.508724
0.508631
0.508570
0.508512
0.508462
0.508417
0.508363
0.508257
0.508228
0.508145
0.508061
0.507997
0.507931
0.507905
0.507849
0.507789
0.507722
0.507669
0.507604
0.507546
0.507444
0.507406
0.507376
0.507291
0.507203
0.507157
0.507110
0.507041
0.506962
0.506871
0.506841
0.506769
0.506735
0.506641
0.506601
0.506552
0.506503
0.506393
0.506391
0.506308
0.506248
0.506187
0.506147
0.506087
0.506048
0.505974
0.505934
0.505862
0.505822
0.505736
0.505690
0.505593
0.505586
0.505536
0.505493
0.505435
0.505380
0.505307
0.505221
0.505210
0.505128
0.505114
0.505043
0.504983
0.504953
0.504887
0.504806
0.504762
0.504720
0.504681
0.504603
0.504557
0.504484
0.504470
0.504393
0.504379
0.504287
0.504253
0.504211
0.504146
0.504081
0.504045
0.503966
0.503932
0.503872
0.503850
0.503768
0.503717
0.503648
0.503613
0.503571
0.503515
0.503468
0.503444
0.503384
0.503355
0.503301
0.503222
0.503185
0.503150
0.503088
0.503045
0.503007
0.502928
0.502905
0.502858
0.502796
0.502735
0.502695
0.502655
0.502637
0.502557
0.502520
0.502458
0.502411
0.502377
0.502337
0.502285
0.502261
0.502199
0.502176
0.502078
0.502065
0.502014
0.501990
0.501949
0.501902
0.501839
0.501814
0.501743
0.501704
0.501669
0.501613
0.501575
0.501538
0.501487
0.501473
0.501405
0.501324
0.501290
0.501284
0.501230
0.501190
0.501151
0.501103
0.501078
0.501054
0.500971
0.500965
0.500879
0.500795
0.500788
0.500748
0.500702
0.500664
0.500658
0.500571
0.500532
0.500500
0.500462
0.500409
0.500341
0.500325
0.500277
0.500201
0.500207
0.500149
0.500106
0.500049
0.499996
0.499979
0.499940
0.499872
0.499821
0.499814
0.499781
0.499740
0.499695
0.499647
0.499596
0.499572
0.499496
0.499455
0.499444
0.499386
0.499354
0.499331
0.499281
0.499212
0.499211
0.499167
0.499116
0.499093
0.499035
0.499022
0.498983
0.498896
0.498869
0.498836
0.498803
0.498766
0.498720
0.498700
0.498626
0.498616
0.498573
0.498532
0.498493
0.498453
0.498418
0.498375
0.498332
0.498300
0.498271
0.498212
0.498225
0.498153
0.498082
0.498093
0.498036
0.497940
0.497971
0.497929
0.497878
0.497886
0.497853
0.497782
0.497779
0.497728
0.497665
0.497621
0.497633
0.497570
0.497540
0.497514
0.497483
0.497430
0.497407
0.497371
0.497348
0.497294
0.497258
0.497212
0.497209
0.497160
0.497121
0.497066
0.497050
0.497043
0.496984
0.496959
0.496918
0.496877
0.496852
0.496822
0.496792
0.496761
0.496719
0.496683
0.496639
0.496617
0.496602
0.496596
0.496535
0.496456
0.496478
0.496412
0.496427
0.496362
0.496354
0.496316
0.496284
0.496226
0.496212
0.496117
0.496148
0.496114
0.496064
0.496061
0.496035
0.495998
0.495963
0.495918
0.495899
0.495829
0.495834
0.495769
0.495752
0.495720
0.495697
0.495667
0.495616
0.495585
0.495568
0.495522
0.495515
0.495486
0.495433
0.495384
0.495388
0.495336
0.495279
0.495281
0.495264
0.495213
0.495171
0.495143
0.495121
0.495095
0.495047
0.495039
0.494988
0.494943
0.494944
0.494936
0.494873
0.494836
0.494794
0.494806
0.494725
0.494729
0.494693
0.494664
0.494633
0.494590
0.494586
0.494528
0.494503
0.494491
0.494488
0.494441
0.494394
0.494373
0.494342
0.494290
0.494275
0.494255
0.494223
0.494214
0.494146
0.494123
0.494115
0.494078
0.494070
0.494021
0.494033
0.493983
0.493936
0.493934
0.493885
0.493878
0.493833
0.493827
0.493821
0.493790
0.493740
0.493678
0.493688
0.493672
0.493631
0.493613
0.493588
0.493577
0.493533
0.493512
0.493481
0.493446
0.493410
0.493374
0.493374
0.493326
0.493313
0.493323
0.493263
0.493249
0.493235
0.493194
0.493174
0.493123
0.493133
0.493046
0.493070
0.493027
0.493006
0.492999
0.492951
0.492942
0.492904
0.492894
0.492866
0.492837
0.492827
0.492793
0.492746
0.492741
0.492680
0.492674
0.492612
0.492602
0.492617
0.492540
0.492499
0.492494
0.492499
0.492428
0.492454
0.492391
0.492405
0.492342
0.492316
0.492307
0.492280
0.492238
0.492225
0.492175
0.492151
0.492148
0.492124
0.492089
0.492079
0.492039
0.492014
0.491986
0.491960
0.491937
0.491917
0.491902
0.491867
0.491865
0.491810
0.491795
0.491763
0.491739
0.491726
0.491660
0.491689
0.491651
0.491638
0.491607
0.491563
0.491537
0.491549
0.491503
0.491481
0.491491
0.491451
0.491442
0.491394
0.491384
0.491333
0.491312
0.491297
0.491302
0.491285
0.491229
0.491227
0.491213
0.491161
0.491128
0.491131
0.491100
0.491090
0.491080
0.491026
0.491022
0.490978
0.490978
0.490962
0.490957
0.490888
0.490904
0.490873
0.490844
0.490803
0.490784
0.490754
0.490748
0.490717
0.490706
0.490682
0.490654
0.490635
0.490617
0.490599
0.490562
0.490581
0.490536
0.490511
0.490480
0.490463
0.490445
0.490438
0.490402
0.490397
0.490385
0.490328
0.490295
0.490290
0.490290
0.490265
0.490238
0.490189
0.490210
0.490184
0.490150
0.490123
0.490102
0.490058
0.490058
0.490049
0.490005
0.489995
0.489985
0.489922
0.489927
0.489901
0.489876
0.489865
0.489819
0.489832
0.489803
0.489781
0.489731
0.489728
0.489712
0.489687
0.489673
0.489632
0.489629
0.489587
0.489563
0.489526
0.489526
0.489508
0.489477
0.489450
0.489448
0.489422
0.489416
0.489376
0.489348
0.489339
0.489278
0.489296
0.489252
0.489241
0.489221
0.489211
0.489176
0.489166
0.489129
0.489101
0.489103
0.489058
0.489024
0.489020
0.488972
0.488984
0.488955
0.488920
0.488887
0.488869
0.488900
0.488834
0.488830
0.488803
0.488782
0.488751
0.488758
0.488686
0.488674
0.488684
0.488676
0.488620
0.488606
0.488573
0.488539
0.488538
0.488485
0.488481
0.488491
0.488454
0.488450
0.488412
0.488396
0.488371
0.488342
0.488326
0.488290
0.488267
0.488257
0.488234
0.488243
0.488199
0.488180
0.488146
0.488111
0.488110
0.488046
0.488067
0.488038
0.488029
0.487991
0.488014
0.487946
0.487937
0.487930
0.487903
0.487877
0.487862
0.487814
0.487787
0.487795
0.487733
0.487757
0.487712
0.487705
0.487651
0.487664
0.487618
0.487631
0.487599
0.487552
0.487554
0.487503
0.487503
0.487450
0.487468
0.487464
0.487403
0.487416
0.487377
0.487388
0.487349
0.487342
0.487326
0.487264
0.487256
0.487267
0.487248
0.487194
0.487187
0.487192
0.487144
0.487141
0.487095
0.487096
0.487076
0.487035
0.487055
0.487045
0.487007
0.486975
0.486971
0.486960
0.486922
0.486918
0.486903
0.486868
0.486838
0.486828
0.486803
0.486789
0.486763
0.486773
0.486727
0.486730
0.486690
0.486680
0.486661
0.486636
0.486621
0.486609
0.486582
0.486561
0.486556
0.486520
0.486499
0.486474
0.486468
0.486458
0.486422
0.486391
0.486398
0.486365
0.486343
0.486309
0.486287
0.486283
0.486266
0.486224
0.486233
0.486202
0.486170
0.486144
0.486137
0.486094
0.486060
0.486070
0.486080
0.486043
0.486003
0.485991
0.485950
0.485968
0.485925
0.485921
0.485891
0.485890
0.485857
0.485847
0.485818
0.485779
0.485772
0.485783
0.485756
0.485716
0.485724
0.485669
0.485683
0.485632
0.485623
0.485616
0.485580
0.485571
0.485538
0.485550
0.485518
0.485515
0.485512
0.485445
0.485439
0.485439
0.485401
0.485392
0.485346
0.485353
0.485341
0.485310
0.485279
0.485263
0.485235
0.485257
0.485176
0.485204
0.485173
0.485155
0.485143
0.485113
0.485111
0.485065
0.485075
0.485014
0.485013
0.485016
0.485013
0.484958
0.484943
0.484929
0.484896
0.484874
0.484859
0.484867
0.484839
0.484790
0.484781
0.484789
0.484766
0.484734
0.484730
0.484689
0.484694
0.484640
0.484641
0.484636
0.484635
0.484593
0.484572
0.484580
0.484528
0.484530
0.484508
0.484485
0.484474
0.484457
0.484438
0.484427
0.484418
0.484402
0.484356
0.484355
0.484316
0.484302
0.484303
0.484282
0.484268
0.484248
0.484245
0.484211
0.484194
0.484201
0.484175
0.484124
0.484140
0.484083
0.484086
0.484089
0.484037
0.484054
0.483978
0.484021
0.483985
0.483967
0.483964
0.483925
0.483910
0.483927
0.483894
0.483901
0.483846
0.483853
0.483822
0.483812
0.483779
0.483774
0.483757
0.483748
0.483735
0.483709
0.483694
0.483676
0.483678
0.483642
0.483654
0.483613
0.483603
0.483593
0.483577
0.483558
0.483517
0.483534
0.483516
0.483466
0.483501
0.483448
0.483440
0.483435
0.483419
0.483389
0.483364
0.483354
0.483320
0.483318
0.483282
0.483278
0.483261
0.483244
0.483242
0.483218
0.483215
0.483198
0.483179
0.483165
0.483092
0.483142
0.483108
0.483101
0.483076
0.483058
0.483053
0.483014
0.483021
0.482999
0.482996
0.482960
0.482953
0.482937
0.482921
0.482929
0.482895
0.482889
0.482856
0.482836
0.482830
0.482802
0.482818
0.482791
0.482758
0.482729
0.482728
0.482720
0.482693
0.482673
0.482677
0.482667
0.482627
0.482642
0.482613
0.482595
0.482575
0.482558
0.482529
0.482534
0.482529
0.482520
0.482476
0.482465
0.482474
0.482437
0.482420
0.482411
0.482383
0.482368
0.482323
0.482341
0.482312
0.482315
0.482305
0.482286
0.482234
0.482225
0.482208
0.482226
0.482189
0.482202
0.482173
0.482153
0.482141
0.482124
0.482097
0.482092
0.482080
0.482064
0.482045
0.482043
0.482030
0.482020
0.481984
0.481975
0.481955
0.481959
0.481929
0.481918
0.481901
0.481875
0.481847
0.481830
0.481812
0.481848
0.481762
0.481797
0.481761
0.481758
0.481692
0.481727
0.481686
0.481696
0.481679
0.481680
0.481644
0.481631
0.481599
0.481615
0.481584
0.481564
0.481555
0.481514
0.481535
0.481513
0.481510
0.481489
0.481454
0.481465
0.481442
0.481436
0.481413
0.481383
0.481388
0.481385
0.481324
0.481336
0.481301
0.481337
0.481280
0.481298
0.481261
0.481265
0.481268
0.481218
0.481208
0.481210
0.481183
0.481150
0.481160
0.481143
0.481127
0.481124
0.481110
0.481098
0.481088
0.481065
0.481051
0.481035
0.481029
0.481010
0.481001
0.480995
0.480977
0.480958
0.480947
0.480928
0.480899
0.480900
0.480879
0.480881
0.480851
0.480867
0.480828
0.480822
0.480847
0.480785
0.480749
0.480765
0.480738
0.480758
0.480715
0.480720
0.480715
0.480666
0.480703
0.480643
0.480658
0.480607
0.480649
0.480597
0.480611
0.480598
0.480575
0.480572
0.480562
0.480535
0.480525
0.480515
0.480501
0.480476
0.480450
0.480474
0.480424
0.480411
0.480435
0.480380
0.480403
0.480375
0.480330
0.480375
0.480337
0.480336
0.480303
0.480295
0.480311
0.480283
0.480271
0.480238
0.480241
0.480231
0.480233
0.480198
0.480198
0.480182
0.480152
0.480161
0.480140
0.480119
0.480105
0.480098
0.480100
0.480063
0.480058
0.480053
0.480043
0.480010
0.480021
0.480006
0.480031
0.479959
0.480008
0.479974
0.479936
0.479931
0.479943
0.479917
0.479896
0.479898
0.479891
0.479854
0.479875
0.479839
0.479860
0.479841
0.479831
0.479808
0.479795
0.479774
0.479772
0.479765
0.479763
0.479723
0.479728
0.479750
0.479717
0.479703
0.479671
0.479670
0.479683
0.479644
0.479634
0.479635
0.479595
0.479624
0.479592
0.479592
0.479567
0.479563
0.479548
0.479519
0.479545
0.479519
0.479509
0.479480
0.479480
0.479480
0.479451
0.479455
0.479461
0.479428
0.479410
0.479403
0.479384
0.479395
0.479387
0.479378
0.479359
0.479347
0.479326
0.479316
0.479311
0.479296
0.479295
0.479283
0.479268
0.479256
0.479270
0.479216
0.479201
0.479218
0.479212
0.479188
0.479153
0.479188
0.479151
0.479171
0.479147
0.479142
0.479132
0.479119
0.479092
0.479083
0.479084
0.479058
0.479062
0.479029
0.479029
0.479038
0.479012
0.479011
0.478981
0.478975
0.478962
0.478946
0.478963
0.478891
0.478912
0.478931
0.478892
0.478863
0.478887
0.478869
0.478834
0.478823
0.478812
0.478812
0.478809
0.478778
0.478800
0.478780
0.478769
0.478737
0.478738
0.478721
0.478707
0.478707
0.478685
0.478661
0.478639
0.478661
0.478617
0.478611
